2024-05-21 09:37:47.458 | debug | comm.client.tls | remote_address=127.0.0.1:2333 | mayy/internal/pkg/comm/creds.go_ClientHandshake:71 => Client TLS handshake completed in 6.342693ms.
2024-05-21 09:37:47.459 | debug | comm.server.tls | remote_address=127.0.0.1:59918 | mayy/internal/pkg/comm/creds.go_ServerHandshake:118 => Server TLS handshake completed in 7.326584ms.
2024-05-21 15:00:02.731 | debug | comm.server.tls | remote_address=127.0.0.1:54474 | mayy/internal/pkg/comm/creds.go_ServerHandshake:118 => Server TLS handshake completed in 22.049651ms.
2024-05-21 15:00:25.932 | debug | comm.server.tls | remote_address=127.0.0.1:35084 | mayy/internal/pkg/comm/creds.go_ServerHandshake:118 => Server TLS handshake completed in 8.05253ms.
2024-05-21 15:15:18.558 | debug | comm.server.tls | remote_address=127.0.0.1:40990 | mayy/internal/pkg/comm/creds.go_ServerHandshake:118 => Server TLS handshake completed in 3.65195ms.
2024-05-21 15:16:19.528 | debug | comm.server.tls | remote_address=127.0.0.1:42296 | mayy/internal/pkg/comm/creds.go_ServerHandshake:118 => Server TLS handshake completed in 1.796244ms.
2024-05-21 15:16:19.532 | debug | comm.server.tls | remote_address=127.0.0.1:42298 | mayy/internal/pkg/comm/creds.go_ServerHandshake:118 => Server TLS handshake completed in 2.147651ms.
2024-05-23 19:45:25.121 | debug | comm.tls.server | remote_address=127.0.0.1:40048 | mayy/internal/pkg/comm/creds.go_ServerHandshake:119 => Server TLS handshake completed in 2.883091ms.
2024-05-23 19:45:25.132 | debug | comm.tls.server | remote_address=127.0.0.1:40064 | mayy/internal/pkg/comm/creds.go_ServerHandshake:119 => Server TLS handshake completed in 4.849798ms.
2024-05-23 19:45:30.475 | debug | comm.tls.server | remote_address=127.0.0.1:41256 | mayy/internal/pkg/comm/creds.go_ServerHandshake:119 => Server TLS handshake completed in 13.520634ms.
2024-05-29 20:21:07.457 | debug | msp | mayy/msp/mspimpl.go_newCspMsp:83 => Creating CSP-based MSP instance.
2024-05-29 20:21:22.660 | debug | msp | mayy/msp/mspimpl.go_newCspMsp:83 => Creating CSP-based MSP instance.
2024-05-29 20:22:09.453 | debug | msp | mayy/msp/mspimpl.go_newCspMsp:83 => Creating CSP-based MSP instance.
2024-05-29 20:24:27.660 | debug | msp | mayy/msp/mspimpl.go_newCspMsp:83 => Creating CSP-based MSP instance.
2024-05-29 20:25:19.464 | debug | msp | mayy/msp/mspimpl.go_newCspMsp:83 => Creating CSP-based MSP instance.
2024-05-29 20:26:51.405 | debug | msp | mayy/msp/mspimpl.go_newCspMsp:83 => Creating CSP-based MSP instance.
2024-05-29 20:27:10.665 | debug | msp | mayy/msp/mspimpl.go_newCspMsp:83 => Creating CSP-based MSP instance.
2024-05-29 20:30:15.098 | debug | msp | mayy/msp/mspimpl.go_newCspMsp:83 => Creating CSP-based MSP instance.
2024-05-29 20:30:15.106 | debug | msp | mayy/msp/mspimpl.go_Setup:191 => Setting up MSP instance SampleOrg.
2024-05-29 20:34:45.742 | debug | msp | mayy/msp/mspimpl.go_newCspMsp:83 => Creating CSP-based MSP instance.
2024-05-29 20:34:45.747 | debug | msp | mayy/msp/mspimpl.go_Setup:191 => Setting up MSP instance SampleOrg.
2024-05-29 20:35:20.736 | debug | msp | mayy/msp/mspimpl.go_newCspMsp:83 => Creating CSP-based MSP instance.
2024-05-29 20:35:20.741 | debug | msp | mayy/msp/mspimpl.go_Setup:191 => Setting up MSP instance SampleOrg.
2024-05-29 20:36:02.163 | debug | msp | mayy/msp/mspimpl.go_newCspMsp:83 => Creating CSP-based MSP instance.
2024-05-29 20:36:02.169 | debug | msp | mayy/msp/mspimpl.go_Setup:191 => Setting up MSP instance SampleOrg.
2024-05-29 20:37:55.449 | debug | msp | mayy/msp/mspimpl.go_newCspMsp:83 => Creating CSP-based MSP instance.
2024-05-29 20:37:55.455 | debug | msp | mayy/msp/mspimpl.go_Setup:191 => Setting up MSP instance SampleOrg.
2024-05-29 20:41:21.054 | debug | msp | mayy/msp/mspimpl.go_newCspMsp:83 => Creating CSP-based MSP instance.
2024-05-29 20:41:21.059 | debug | msp | mayy/msp/mspimpl.go_Setup:191 => Setting up MSP instance SampleOrg.
2024-05-29 20:49:40.839 | debug | msp | mayy/msp/mspimpl.go_newCspMsp:85 => Creating CSP-based MSP instance.
2024-05-29 20:49:40.844 | debug | msp | mayy/msp/mspimpl.go_Setup:193 => Setting up MSP instance SampleOrg.
2024-05-29 20:50:32.244 | debug | msp | mayy/msp/mspimpl.go_newCspMsp:85 => Creating CSP-based MSP instance.
2024-05-29 20:50:32.251 | debug | msp | mayy/msp/mspimpl.go_Setup:193 => Setting up MSP instance SampleOrg.
2024-05-29 20:52:48.832 | debug | msp | mayy/msp/mspimpl.go_newCspMsp:85 => Creating CSP-based MSP instance.
2024-05-29 20:52:48.839 | debug | msp | mayy/msp/mspimpl.go_Setup:193 => Setting up MSP instance SampleOrg.
2024-05-29 20:57:11.281 | debug | msp | mayy/msp/mspimpl.go_newCspMsp:85 => Creating CSP-based MSP instance.
2024-05-29 20:57:11.283 | debug | msp | mayy/msp/mspimpl.go_Setup:193 => Setting up MSP instance SampleOrg.
2024-05-29 21:06:57.085 | debug | msp | mayy/msp/mspimpl.go_newCspMsp:85 => Creating CSP-based MSP instance.
2024-05-29 21:06:57.093 | debug | msp | mayy/msp/mspimpl.go_Setup:193 => Setting up MSP instance SampleOrg.
2024-05-29 21:07:33.288 | debug | msp | mayy/msp/mspimpl.go_newCspMsp:85 => Creating CSP-based MSP instance.
2024-05-29 21:07:33.291 | debug | msp | mayy/msp/mspimpl.go_Setup:193 => Setting up MSP instance SampleOrg.
2024-05-29 21:08:15.808 | debug | msp | mayy/msp/mspimpl.go_newCspMsp:83 => Creating CSP-based MSP instance.
2024-05-29 21:08:15.813 | debug | msp | mayy/msp/mspimpl.go_Setup:191 => Setting up MSP instance SampleOrg.
2024-05-29 21:09:43.723 | debug | msp | mayy/msp/mspimpl.go_newCspMsp:83 => Creating CSP-based MSP instance.
2024-05-29 21:09:43.729 | debug | msp | mayy/msp/mspimpl.go_Setup:191 => Setting up MSP instance SampleOrg.
2024-05-29 21:12:40.937 | debug | msp | mayy/msp/mspimpl.go_newCspMsp:83 => Creating CSP-based MSP instance.
2024-05-29 21:12:40.945 | debug | msp | mayy/msp/mspimpl.go_Setup:191 => Setting up MSP instance SampleOrg.
2024-05-29 21:14:08.324 | debug | msp | mayy/msp/mspimpl.go_newCspMsp:84 => Creating CSP-based MSP instance.
2024-05-29 21:14:08.329 | debug | msp | mayy/msp/mspimpl.go_Setup:192 => Setting up MSP instance SampleOrg.
2024-05-29 21:19:23.571 | debug | msp | mayy/msp/mspimpl.go_newCspMsp:84 => Creating CSP-based MSP instance.
2024-05-29 21:19:23.576 | debug | msp | mayy/msp/mspimpl.go_Setup:192 => Setting up MSP instance SampleOrg.
2024-05-29 21:19:23.578 | debug | msp | mayy/msp/mspimpl.go_setupSigningIdentity:780 => Signing identity 71688654b9046aedbe6d624a46255505082636f72011d16a3e5463f8f921ca71 will expire at 2027-11-10T13:41:11Z.
2024-05-29 21:20:53.575 | debug | msp | mayy/msp/mspimpl.go_newCspMsp:84 => Creating CSP-based MSP instance.
2024-05-29 21:20:53.581 | debug | msp | mayy/msp/mspimpl.go_Setup:192 => Setting up MSP instance SampleOrg.
2024-05-29 21:20:53.584 | debug | msp | mayy/msp/mspimpl.go_setupSigningIdentity:779 => Signing identity 71688654b9046aedbe6d624a46255505082636f72011d16a3e5463f8f921ca71 will expire at 2027-11-10T13:41:11Z.
2024-05-29 21:21:31.900 | debug | msp | mayy/msp/mspimpl.go_newCspMsp:83 => Creating CSP-based MSP instance.
2024-05-29 21:21:31.911 | debug | msp | mayy/msp/mspimpl.go_Setup:191 => Setting up MSP instance SampleOrg.
2024-05-29 21:21:31.915 | debug | msp | mayy/msp/mspimpl.go_setupSigningIdentity:778 => Signing identity 71688654b9046aedbe6d624a46255505082636f72011d16a3e5463f8f921ca71 will expire at 2027-11-10T13:41:11Z.
2024-05-29 21:22:07.841 | debug | msp | mayy/msp/mspimpl.go_newCspMsp:83 => Creating CSP-based MSP instance.
2024-05-29 21:22:07.846 | debug | msp | mayy/msp/mspimpl.go_Setup:191 => Setting up MSP instance SampleOrg.
2024-05-29 21:22:07.849 | debug | msp | mayy/msp/mspimpl.go_setupSigningIdentity:778 => Signing identity 71688654b9046aedbe6d624a46255505082636f72011d16a3e5463f8f921ca71 will expire at 2027-11-10T13:41:11Z.
2024-05-29 21:24:17.545 | debug | msp | mayy/msp/mspimpl.go_newCspMsp:83 => Creating CSP-based MSP instance.
2024-05-29 21:24:17.552 | debug | msp | mayy/msp/mspimpl.go_Setup:191 => Setting up MSP instance SampleOrg.
2024-05-29 21:24:17.555 | debug | msp | mayy/msp/mspimpl.go_setupSigningIdentity:778 => Signing identity 71688654b9046aedbe6d624a46255505082636f72011d16a3e5463f8f921ca71 will expire at 2027-11-10T13:41:11Z.
2024-05-29 21:25:11.297 | debug | msp | mayy/msp/mspimpl.go_newCspMsp:83 => Creating CSP-based MSP instance.
2024-05-29 21:25:11.299 | debug | msp | mayy/msp/mspimpl.go_Setup:191 => Setting up MSP instance SampleOrg.
2024-05-29 21:25:11.301 | debug | msp | mayy/msp/mspimpl.go_setupSigningIdentity:778 => Signing identity 71688654b9046aedbe6d624a46255505082636f72011d16a3e5463f8f921ca71 will expire at 2027-11-10T13:41:11Z.
2024-05-29 21:26:02.934 | debug | msp | mayy/msp/mspimpl.go_newCspMsp:83 => Creating CSP-based MSP instance.
2024-05-29 21:26:02.936 | debug | msp | mayy/msp/mspimpl.go_Setup:191 => Setting up MSP instance SampleOrg.
2024-05-29 21:26:02.938 | debug | msp | mayy/msp/mspimpl.go_setupSigningIdentity:778 => Signing identity 71688654b9046aedbe6d624a46255505082636f72011d16a3e5463f8f921ca71 will expire at 2027-11-10T13:41:11Z.
2024-05-29 22:37:18.581 | debug | msp | mayy/msp/mspimpl.go_newCspMsp:83 => Creating CSP-based MSP instance.
2024-05-29 22:37:18.588 | debug | msp | mayy/msp/mspimpl.go_Setup:191 => Setting up MSP instance SampleOrg.
2024-05-29 22:37:18.591 | debug | msp | mayy/msp/mspimpl.go_setupSigningIdentity:778 => Signing identity 71688654b9046aedbe6d624a46255505082636f72011d16a3e5463f8f921ca71 will expire at 2027-11-10T13:41:11Z.
2024-05-29 22:38:00.549 | debug | msp | mayy/msp/mspimpl.go_newCspMsp:83 => Creating CSP-based MSP instance.
2024-05-29 22:38:00.555 | debug | msp | mayy/msp/mspimpl.go_Setup:191 => Setting up MSP instance SampleOrg.
2024-05-29 22:38:58.075 | debug | msp | mayy/msp/mspimpl.go_newCspMsp:83 => Creating CSP-based MSP instance.
2024-05-29 22:38:58.080 | debug | msp | mayy/msp/mspimpl.go_Setup:191 => Setting up MSP instance SampleOrg.
2024-05-29 22:43:36.031 | debug | msp | mayy/msp/mspimpl.go_newCspMsp:84 => Creating CSP-based MSP instance.
2024-05-29 22:43:36.037 | debug | msp | mayy/msp/mspimpl.go_Setup:192 => Setting up MSP instance SampleOrg.
2024-05-29 22:51:18.308 | debug | msp | mayy/msp/mspimpl.go_newCspMsp:84 => Creating CSP-based MSP instance.
2024-05-29 22:51:18.314 | debug | msp | mayy/msp/mspimpl.go_Setup:192 => Setting up MSP instance SampleOrg.
2024-05-29 22:54:53.705 | debug | msp | mayy/msp/mspimpl.go_newCspMsp:84 => Creating CSP-based MSP instance.
2024-05-29 22:54:53.712 | debug | msp | mayy/msp/mspimpl.go_Setup:192 => Setting up MSP instance SampleOrg.
2024-05-29 22:55:19.190 | debug | msp | mayy/msp/mspimpl.go_newCspMsp:84 => Creating CSP-based MSP instance.
2024-05-29 22:55:19.195 | debug | msp | mayy/msp/mspimpl.go_Setup:192 => Setting up MSP instance SampleOrg.
2024-05-29 22:55:49.386 | debug | msp | mayy/msp/mspimpl.go_newCspMsp:84 => Creating CSP-based MSP instance.
2024-05-29 22:55:49.390 | debug | msp | mayy/msp/mspimpl.go_Setup:192 => Setting up MSP instance SampleOrg.
2024-05-29 22:57:13.405 | debug | msp | mayy/msp/mspimpl.go_newCspMsp:84 => Creating CSP-based MSP instance.
2024-05-29 22:57:13.410 | debug | msp | mayy/msp/mspimpl.go_Setup:192 => Setting up MSP instance SampleOrg.
2024-05-29 22:57:13.423 | debug | msp | mayy/msp/mspimpl.go_setupSigningIdentity:780 => Signing identity 3eab91d974d5a9812d4e3f14a200ef8eeb4c70b90294af387a6e60725cb241c1 will expire at 2034-05-27T14:57:07Z.
2024-05-29 22:57:40.170 | debug | msp | mayy/msp/mspimpl.go_newCspMsp:84 => Creating CSP-based MSP instance.
2024-05-29 22:57:40.176 | debug | msp | mayy/msp/mspimpl.go_Setup:192 => Setting up MSP instance SampleOrg.
2024-05-29 22:57:40.188 | debug | msp | mayy/msp/mspimpl.go_setupSigningIdentity:780 => Signing identity 3eab91d974d5a9812d4e3f14a200ef8eeb4c70b90294af387a6e60725cb241c1 will expire at 2034-05-27T14:57:07Z.
2024-05-29 22:57:52.543 | debug | msp | mayy/msp/mspimpl.go_newCspMsp:83 => Creating CSP-based MSP instance.
2024-05-29 22:57:52.549 | debug | msp | mayy/msp/mspimpl.go_Setup:191 => Setting up MSP instance SampleOrg.
2024-05-29 22:57:52.559 | debug | msp | mayy/msp/mspimpl.go_setupSigningIdentity:779 => Signing identity 3eab91d974d5a9812d4e3f14a200ef8eeb4c70b90294af387a6e60725cb241c1 will expire at 2034-05-27T14:57:07Z.
2024-05-29 23:02:35.801 | debug | msp | mayy/msp/mspimpl.go_newCspMsp:83 => Creating CSP-based MSP instance.
2024-05-29 23:02:35.806 | debug | msp | mayy/msp/mspimpl.go_Setup:191 => Setting up MSP instance SampleOrg.
2024-05-29 23:02:35.819 | debug | msp | mayy/msp/mspimpl.go_getSigningIdentityFromConf:1113 => Cannot find the private key against ski 8478741b6355328c1df3b0aff5ea358687d032b66ecd4ed0964dde13233f8b2b.
2024-05-29 23:03:00.964 | debug | msp | mayy/msp/mspimpl.go_newCspMsp:83 => Creating CSP-based MSP instance.
2024-05-29 23:03:00.969 | debug | msp | mayy/msp/mspimpl.go_Setup:191 => Setting up MSP instance SampleOrg.
2024-05-29 23:03:00.978 | debug | msp | mayy/msp/mspimpl.go_getSigningIdentityFromConf:1113 => Cannot find the private key against ski 8478741b6355328c1df3b0aff5ea358687d032b66ecd4ed0964dde13233f8b2b.
2024-05-29 23:03:49.348 | debug | msp | mayy/msp/mspimpl.go_newCspMsp:83 => Creating CSP-based MSP instance.
2024-05-29 23:03:49.353 | debug | msp | mayy/msp/mspimpl.go_Setup:191 => Setting up MSP instance SampleOrg.
2024-05-29 23:03:49.364 | debug | msp | mayy/msp/mspimpl.go_setupSigningIdentity:779 => Signing identity 3eab91d974d5a9812d4e3f14a200ef8eeb4c70b90294af387a6e60725cb241c1 will expire at 2034-05-27T14:57:07Z.
2024-05-29 23:05:17.303 | debug | msp | mayy/msp/mspimpl.go_newCspMsp:83 => Creating CSP-based MSP instance.
2024-05-29 23:05:17.308 | debug | msp | mayy/msp/mspimpl.go_Setup:191 => Setting up MSP instance SampleOrg.
2024-05-29 23:05:17.322 | debug | msp | mayy/msp/mspimpl.go_getSigningIdentityFromConf:1113 => Cannot find the private key against ski 8478741B6355328C1DF3B0AFF5EA358687D032B66ECD4ED0964DDE13233F8B2B.
2024-05-29 23:05:59.503 | debug | msp | mayy/msp/mspimpl.go_newCspMsp:83 => Creating CSP-based MSP instance.
2024-05-29 23:05:59.509 | debug | msp | mayy/msp/mspimpl.go_Setup:191 => Setting up MSP instance SampleOrg.
2024-05-29 23:05:59.518 | debug | msp | mayy/msp/mspimpl.go_getSigningIdentityFromConf:1113 => Cannot find the private key against ski 8478741b6355328c1df3b0aff5ea358687d032b66ecd4ed0964dde13233f8b2b.
2024-05-29 23:06:13.975 | debug | msp | mayy/msp/mspimpl.go_newCspMsp:83 => Creating CSP-based MSP instance.
2024-05-29 23:06:13.980 | debug | msp | mayy/msp/mspimpl.go_Setup:191 => Setting up MSP instance SampleOrg.
2024-05-29 23:06:13.991 | debug | msp | mayy/msp/mspimpl.go_setupSigningIdentity:779 => Signing identity 3eab91d974d5a9812d4e3f14a200ef8eeb4c70b90294af387a6e60725cb241c1 will expire at 2034-05-27T14:57:07Z.
